<?xml version="1.0" encoding="UTF-8"?>
<testng-results ignored="0" total="1" passed="1" failed="0" skipped="0">
  <reporter-output>
  </reporter-output>
  <suite started-at="2024-01-13T14:45:45 IST" name="Suite" finished-at="2024-01-13T14:45:45 IST" duration-ms="29">
    <groups>
    </groups>
    <test started-at="2024-01-13T14:45:45 IST" name="Test" finished-at="2024-01-13T14:45:45 IST" duration-ms="29">
      <class name="SatishRaja.DeleteGithubJenkins.GithubJenkinsTest">
        <test-method signature="Test01()[pri:0, instance:SatishRaja.DeleteGithubJenkins.GithubJenkinsTest@8dbdac1]" started-at="2024-01-13T14:45:45 IST" name="Test01" finished-at="2024-01-13T14:45:45 IST" duration-ms="4" status="PASS">
          <reporter-output>
          </reporter-output>
        </test-method> <!-- Test01 -->
      </class> <!-- SatishRaja.DeleteGithubJenkins.GithubJenkinsTest -->
    </test> <!-- Test -->
  </suite> <!-- Suite -->
</testng-results>
